<?xml version="1.0" encoding="UTF-8"?>
<!-- Generated by org.testng.reporters.JUnitReportReporter -->
<testsuite skipped="0" hostname="DESKTOP-5ODN8HA" name="testRunners.FirstRunner" tests="1" failures="0" timestamp="2020-03-28T18:54:03 CST" time="23.762" errors="0">
  <testcase name="runScenario" time="23.762" classname="testRunners.FirstRunner"/>
  <system-out/>
</testsuite> <!-- testRunners.FirstRunner -->
