<?xml version="1.0" encoding="UTF-8"?>
<!-- Generated by org.testng.reporters.JUnitReportReporter -->
<testsuite skipped="0" hostname="DESKTOP-5ODN8HA" name="testRunners.ApiRunner" tests="1" failures="0" timestamp="2020-04-01T11:29:49 CST" time="5.019" errors="0">
  <testcase name="runScenario" time="5.019" classname="testRunners.ApiRunner"/>
  <system-out/>
</testsuite> <!-- testRunners.ApiRunner -->
